<?xml version="1.0" encoding="UTF-8" standalone="no"?>
<!DOCTYPE log SYSTEM "logger.dtd">
<log>
<record>
  <date>2019-08-17T19:32:01</date>
  <millis>1566041521142</millis>
  <sequence>0</sequence>
  <level>START</level>
  <class>com.kms.katalon.core.logging.XmlKeywordLogger</class>
  <method>startSuite</method>
  <thread>1</thread>
  <message>Start Test Suite : Test Suites/Login/Login</message>
  <nestedLevel>0</nestedLevel>
  <property name="name">Login</property>
  <property name="description"></property>
  <property name="id">Test Suites/Login/Login</property>
</record>
<record>
  <date>2019-08-17T19:32:01</date>
  <millis>1566041521175</millis>
  <sequence>1</sequence>
  <level>RUN_DATA</level>
  <class>com.kms.katalon.core.logging.XmlKeywordLogger</class>
  <method>logMessage</method>
  <thread>1</thread>
  <message>hostName = richard.repolona - MIS-96MQBV2.novare.com.hk</message>
  <nestedLevel>0</nestedLevel>
  <property name="hostName">richard.repolona - MIS-96MQBV2.novare.com.hk</property>
</record>
<record>
  <date>2019-08-17T19:32:01</date>
  <millis>1566041521179</millis>
  <sequence>2</sequence>
  <level>RUN_DATA</level>
  <class>com.kms.katalon.core.logging.XmlKeywordLogger</class>
  <method>logMessage</method>
  <thread>1</thread>
  <message>os = Windows 10 64bit</message>
  <nestedLevel>0</nestedLevel>
  <property name="os">Windows 10 64bit</property>
</record>
<record>
  <date>2019-08-17T19:32:01</date>
  <millis>1566041521180</millis>
  <sequence>3</sequence>
  <level>RUN_DATA</level>
  <class>com.kms.katalon.core.logging.XmlKeywordLogger</class>
  <method>logMessage</method>
  <thread>1</thread>
  <message>hostAddress = 192.168.1.6</message>
  <nestedLevel>0</nestedLevel>
  <property name="hostAddress">192.168.1.6</property>
</record>
<record>
  <date>2019-08-17T19:32:01</date>
  <millis>1566041521182</millis>
  <sequence>4</sequence>
  <level>RUN_DATA</level>
  <class>com.kms.katalon.core.logging.XmlKeywordLogger</class>
  <method>logMessage</method>
  <thread>1</thread>
  <message>katalonVersion = 6.2.2.4</message>
  <nestedLevel>0</nestedLevel>
  <property name="katalonVersion">6.2.2.4</property>
</record>
<record>
  <date>2019-08-17T19:32:01</date>
  <millis>1566041521670</millis>
  <sequence>5</sequence>
  <level>START</level>
  <class>com.kms.katalon.core.logging.XmlKeywordLogger</class>
  <method>startTest</method>
  <thread>1</thread>
  <message>Start Test Case : Test Cases/Partner Portal/RegistrationLoginPage/Login</message>
  <nestedLevel>1</nestedLevel>
  <property name="name">Test Cases/Partner Portal/RegistrationLoginPage/Login</property>
  <property name="description"></property>
  <property name="id">Test Cases/Partner Portal/RegistrationLoginPage/Login</property>
  <property name="source">C:\\Users\\richard.repolona\\Katalon Studio\\PartnerPortal\\Test Cases\\Partner Portal\\RegistrationLoginPage\\Login.tc</property>
  <property name="tag"></property>
  <property name="isOptional">false</property>
</record>
<record>
  <date>2019-08-17T19:32:01</date>
  <millis>1566041521716</millis>
  <sequence>7</sequence>
  <level>INFO</level>
  <class>com.kms.katalon.core.logging.XmlKeywordLogger</class>
  <method>logMessage</method>
  <thread>1</thread>
  <message>Username = LeadAdminPortal</message>
  <nestedLevel>1</nestedLevel>
</record>
<record>
  <date>2019-08-17T19:32:01</date>
  <millis>1566041521716</millis>
  <sequence>8</sequence>
  <level>INFO</level>
  <class>com.kms.katalon.core.logging.XmlKeywordLogger</class>
  <method>logMessage</method>
  <thread>1</thread>
  <message>Password = LeadAdminPortal</message>
  <nestedLevel>1</nestedLevel>
</record>
<record>
  <date>2019-08-17T19:32:02</date>
  <millis>1566041522482</millis>
  <sequence>9</sequence>
  <level>START</level>
  <class>com.kms.katalon.core.logging.XmlKeywordLogger</class>
  <method>startKeyword</method>
  <thread>1</thread>
  <message>Start action : openBrowser(\&amp;quot;\&amp;quot;)</message>
  <nestedLevel>1</nestedLevel>
  <property name="startLine">16</property>
  <property name="stepIndex">1</property>
</record>
<record>
  <date>2019-08-17T19:32:03</date>
  <millis>1566041523244</millis>
  <sequence>11</sequence>
  <level>INFO</level>
  <class>com.kms.katalon.core.logging.XmlKeywordLogger</class>
  <method>logMessage</method>
  <thread>1</thread>
  <message>Starting &amp;apos;Chrome&amp;apos; driver</message>
  <nestedLevel>1</nestedLevel>
</record>
<record>
  <date>2019-08-17T19:32:03</date>
  <millis>1566041523398</millis>
  <sequence>13</sequence>
  <level>INFO</level>
  <class>com.kms.katalon.core.logging.XmlKeywordLogger</class>
  <method>logMessage</method>
  <thread>1</thread>
  <message>Action delay is set to 0 seconds</message>
  <nestedLevel>1</nestedLevel>
</record>
